# JRE version: OpenJDK Runtime Environment Temurin-21.0.6+7 (21.0.6+7) (build 21.0.6+7-LTS)
# Java VM: OpenJDK 64-Bit Server VM Temurin-21.0.6+7 (21.0.6+7-LTS, mixed mode, sharing, tiered, compressed oops, compressed class ptrs, parallel gc, windows-amd64)
GC Precious Log:
 CardTable entry size: 512
 CPUs: 4 total, 4 available
 Memory: 15306M
 Large Page Support: Disabled
 NUMA Support: Disabled
 Compressed Oops: Enabled (32-bit)
 Alignments: Space 512K, Generation 512K, Heap 2M
 Heap Min Capacity: 100M
 Heap Initial Capacity: 100M
 Heap Max Capacity: 1G
 Pre-touch: Disabled
 Parallel Workers: 4
Heap:
 PSYoungGen      total 2048K, used 2047K [0x00000000eab00000, 0x00000000eb080000, 0x0000000100000000)
  eden space 1024K, 99% used [0x00000000eab00000,0x00000000eabffff8,0x00000000eac00000)
  from space 1024K, 100% used [0x00000000eac00000,0x00000000ead00000,0x00000000ead00000)
  to   space 2048K, 0% used [0x00000000eae80000,0x00000000eae80000,0x00000000eb080000)
 ParOldGen       total 698880K, used 698669K [0x00000000c0000000, 0x00000000eaa80000, 0x00000000eab00000)
  object space 698880K, 99% used [0x00000000c0000000,0x00000000eaa4b5e8,0x00000000eaa80000)
 Metaspace       used 106418K, committed 108288K, reserved 1179648K
  class space    used 11056K, committed 11968K, reserved 1048576K
GC Heap History (20 events):
Event: 6735.299 GC heap after
{Heap after GC invocations=4390 (full 7):
 PSYoungGen      total 6656K, used 932K [0x00000000eab00000, 0x00000000eb280000, 0x0000000100000000)
  eden space 5632K, 0% used [0x00000000eab00000,0x00000000eab00000,0x00000000eb080000)
  from space 1024K, 91% used [0x00000000eb180000,0x00000000eb269210,0x00000000eb280000)
  to   space 1024K, 0% used [0x00000000eb080000,0x00000000eb080000,0x00000000eb180000)
 ParOldGen       total 691200K, used 690859K [0x00000000c0000000, 0x00000000ea300000, 0x00000000eab00000)
  object space 691200K, 99% used [0x00000000c0000000,0x00000000ea2aacd8,0x00000000ea300000)
 Metaspace       used 106403K, committed 108288K, reserved 1179648K
  class space    used 11056K, committed 11968K, reserved 1048576K
}
Event: 6735.369 GC heap before
{Heap before GC invocations=4391 (full 7):
 PSYoungGen      total 6656K, used 6564K [0x00000000eab00000, 0x00000000eb280000, 0x0000000100000000)
  eden space 5632K, 100% used [0x00000000eab00000,0x00000000eb080000,0x00000000eb080000)
  from space 1024K, 91% used [0x00000000eb180000,0x00000000eb269210,0x00000000eb280000)
  to   space 1024K, 0% used [0x00000000eb080000,0x00000000eb080000,0x00000000eb180000)
 ParOldGen       total 691200K, used 690859K [0x00000000c0000000, 0x00000000ea300000, 0x00000000eab00000)
  object space 691200K, 99% used [0x00000000c0000000,0x00000000ea2aacd8,0x00000000ea300000)
 Metaspace       used 106403K, committed 108288K, reserved 1179648K
  class space    used 11056K, committed 11968K, reserved 1048576K
}
Event: 6735.373 GC heap after
{Heap after GC invocations=4391 (full 7):
 PSYoungGen      total 6656K, used 314K [0x00000000eab00000, 0x00000000eb280000, 0x0000000100000000)
  eden space 5632K, 0% used [0x00000000eab00000,0x00000000eab00000,0x00000000eb080000)
  from space 1024K, 30% used [0x00000000eb080000,0x00000000eb0ce900,0x00000000eb180000)
  to   space 1024K, 0% used [0x00000000eb180000,0x00000000eb180000,0x00000000eb280000)
 ParOldGen       total 691712K, used 691267K [0x00000000c0000000, 0x00000000ea380000, 0x00000000eab00000)
  object space 691712K, 99% used [0x00000000c0000000,0x00000000ea310cf8,0x00000000ea380000)
 Metaspace       used 106403K, committed 108288K, reserved 1179648K
  class space    used 11056K, committed 11968K, reserved 1048576K
}
Event: 6735.397 GC heap before
{Heap before GC invocations=4392 (full 7):
 PSYoungGen      total 6656K, used 5946K [0x00000000eab00000, 0x00000000eb280000, 0x0000000100000000)
  eden space 5632K, 100% used [0x00000000eab00000,0x00000000eb080000,0x00000000eb080000)
  from space 1024K, 30% used [0x00000000eb080000,0x00000000eb0ce900,0x00000000eb180000)
  to   space 1024K, 0% used [0x00000000eb180000,0x00000000eb180000,0x00000000eb280000)
 ParOldGen       total 691712K, used 691267K [0x00000000c0000000, 0x00000000ea380000, 0x00000000eab00000)
  object space 691712K, 99% used [0x00000000c0000000,0x00000000ea310cf8,0x00000000ea380000)
 Metaspace       used 106403K, committed 108288K, reserved 1179648K
  class space    used 11056K, committed 11968K, reserved 1048576K
}
Event: 6735.405 GC heap after
{Heap after GC invocations=4392 (full 7):
 PSYoungGen      total 6144K, used 448K [0x00000000eab00000, 0x00000000eb200000, 0x0000000100000000)
  eden space 5632K, 0% used [0x00000000eab00000,0x00000000eab00000,0x00000000eb080000)
  from space 512K, 87% used [0x00000000eb180000,0x00000000eb1f0000,0x00000000eb200000)
  to   space 512K, 0% used [0x00000000eb100000,0x00000000eb100000,0x00000000eb180000)
 ParOldGen       total 691712K, used 691543K [0x00000000c0000000, 0x00000000ea380000, 0x00000000eab00000)
  object space 691712K, 99% used [0x00000000c0000000,0x00000000ea355ef8,0x00000000ea380000)
 Metaspace       used 106403K, committed 108288K, reserved 1179648K
  class space    used 11056K, committed 11968K, reserved 1048576K
}
Event: 6735.455 GC heap before
{Heap before GC invocations=4393 (full 7):
 PSYoungGen      total 6144K, used 6080K [0x00000000eab00000, 0x00000000eb200000, 0x0000000100000000)
  eden space 5632K, 100% used [0x00000000eab00000,0x00000000eb080000,0x00000000eb080000)
  from space 512K, 87% used [0x00000000eb180000,0x00000000eb1f0000,0x00000000eb200000)
  to   space 512K, 0% used [0x00000000eb100000,0x00000000eb100000,0x00000000eb180000)
 ParOldGen       total 691712K, used 691543K [0x00000000c0000000, 0x00000000ea380000, 0x00000000eab00000)
  object space 691712K, 99% used [0x00000000c0000000,0x00000000ea355ef8,0x00000000ea380000)
 Metaspace       used 106403K, committed 108288K, reserved 1179648K
  class space    used 11056K, committed 11968K, reserved 1048576K
}
Event: 6735.461 GC heap after
{Heap after GC invocations=4393 (full 7):
 PSYoungGen      total 6144K, used 416K [0x00000000eab00000, 0x00000000eb200000, 0x0000000100000000)
  eden space 5632K, 0% used [0x00000000eab00000,0x00000000eab00000,0x00000000eb080000)
  from space 512K, 81% used [0x00000000eb100000,0x00000000eb168000,0x00000000eb180000)
  to   space 512K, 0% used [0x00000000eb180000,0x00000000eb180000,0x00000000eb200000)
 ParOldGen       total 692224K, used 691943K [0x00000000c0000000, 0x00000000ea400000, 0x00000000eab00000)
  object space 692224K, 99% used [0x00000000c0000000,0x00000000ea3b9f18,0x00000000ea400000)
 Metaspace       used 106403K, committed 108288K, reserved 1179648K
  class space    used 11056K, committed 11968K, reserved 1048576K
}
Event: 6735.760 GC heap before
{Heap before GC invocations=4394 (full 7):
 PSYoungGen      total 6144K, used 6048K [0x00000000eab00000, 0x00000000eb200000, 0x0000000100000000)
  eden space 5632K, 100% used [0x00000000eab00000,0x00000000eb080000,0x00000000eb080000)
  from space 512K, 81% used [0x00000000eb100000,0x00000000eb168000,0x00000000eb180000)
  to   space 512K, 0% used [0x00000000eb180000,0x00000000eb180000,0x00000000eb200000)
 ParOldGen       total 692224K, used 691943K [0x00000000c0000000, 0x00000000ea400000, 0x00000000eab00000)
  object space 692224K, 99% used [0x00000000c0000000,0x00000000ea3b9f18,0x00000000ea400000)
 Metaspace       used 106403K, committed 108288K, reserved 1179648K
  class space    used 11056K, committed 11968K, reserved 1048576K
}
Event: 6735.764 GC heap after
{Heap after GC invocations=4394 (full 7):
 PSYoungGen      total 6144K, used 128K [0x00000000eab00000, 0x00000000eb200000, 0x0000000100000000)
  eden space 5632K, 0% used [0x00000000eab00000,0x00000000eab00000,0x00000000eb080000)
  from space 512K, 25% used [0x00000000eb180000,0x00000000eb1a0000,0x00000000eb200000)
  to   space 512K, 0% used [0x00000000eb100000,0x00000000eb100000,0x00000000eb180000)
 ParOldGen       total 692224K, used 692143K [0x00000000c0000000, 0x00000000ea400000, 0x00000000eab00000)
  object space 692224K, 99% used [0x00000000c0000000,0x00000000ea3ebf18,0x00000000ea400000)
 Metaspace       used 106403K, committed 108288K, reserved 1179648K
  class space    used 11056K, committed 11968K, reserved 1048576K
}
Event: 6735.791 GC heap before
{Heap before GC invocations=4395 (full 7):
 PSYoungGen      total 6144K, used 5760K [0x00000000eab00000, 0x00000000eb200000, 0x0000000100000000)
  eden space 5632K, 100% used [0x00000000eab00000,0x00000000eb080000,0x00000000eb080000)
  from space 512K, 25% used [0x00000000eb180000,0x00000000eb1a0000,0x00000000eb200000)
  to   space 512K, 0% used [0x00000000eb100000,0x00000000eb100000,0x00000000eb180000)
 ParOldGen       total 692224K, used 692143K [0x00000000c0000000, 0x00000000ea400000, 0x00000000eab00000)
  object space 692224K, 99% used [0x00000000c0000000,0x00000000ea3ebf18,0x00000000ea400000)
 Metaspace       used 106404K, committed 108288K, reserved 1179648K
  class space    used 11056K, committed 11968K, reserved 1048576K
}
Event: 6735.796 GC heap after
{Heap after GC invocations=4395 (full 7):
 PSYoungGen      total 6144K, used 506K [0x00000000eab00000, 0x00000000eb280000, 0x0000000100000000)
  eden space 5632K, 0% used [0x00000000eab00000,0x00000000eab00000,0x00000000eb080000)
  from space 512K, 98% used [0x00000000eb100000,0x00000000eb17e900,0x00000000eb180000)
  to   space 1024K, 0% used [0x00000000eb180000,0x00000000eb180000,0x00000000eb280000)
 ParOldGen       total 692224K, used 692215K [0x00000000c0000000, 0x00000000ea400000, 0x00000000eab00000)
  object space 692224K, 99% used [0x00000000c0000000,0x00000000ea3fdf38,0x00000000ea400000)
 Metaspace       used 106404K, committed 108288K, reserved 1179648K
  class space    used 11056K, committed 11968K, reserved 1048576K
}
Event: 6735.830 GC heap before
{Heap before GC invocations=4396 (full 7):
 PSYoungGen      total 6144K, used 6138K [0x00000000eab00000, 0x00000000eb280000, 0x0000000100000000)
  eden space 5632K, 100% used [0x00000000eab00000,0x00000000eb080000,0x00000000eb080000)
  from space 512K, 98% used [0x00000000eb100000,0x00000000eb17e900,0x00000000eb180000)
  to   space 1024K, 0% used [0x00000000eb180000,0x00000000eb180000,0x00000000eb280000)
 ParOldGen       total 692224K, used 692215K [0x00000000c0000000, 0x00000000ea400000, 0x00000000eab00000)
  object space 692224K, 99% used [0x00000000c0000000,0x00000000ea3fdf38,0x00000000ea400000)
 Metaspace       used 106418K, committed 108288K, reserved 1179648K
  class space    used 11056K, committed 11968K, reserved 1048576K
}
Event: 6735.845 GC heap after
{Heap after GC invocations=4396 (full 7):
 PSYoungGen      total 3584K, used 1022K [0x00000000eab00000, 0x00000000eb880000, 0x0000000100000000)
  eden space 2560K, 0% used [0x00000000eab00000,0x00000000eab00000,0x00000000ead80000)
  from space 1024K, 99% used [0x00000000eb180000,0x00000000eb27fa50,0x00000000eb280000)
  to   space 4096K, 0% used [0x00000000ead80000,0x00000000ead80000,0x00000000eb180000)
 ParOldGen       total 694784K, used 694380K [0x00000000c0000000, 0x00000000ea680000, 0x00000000eab00000)
  object space 694784K, 99% used [0x00000000c0000000,0x00000000ea61b138,0x00000000ea680000)
 Metaspace       used 106418K, committed 108288K, reserved 1179648K
  class space    used 11056K, committed 11968K, reserved 1048576K
}
Event: 6735.861 GC heap before
{Heap before GC invocations=4397 (full 7):
 PSYoungGen      total 3584K, used 3582K [0x00000000eab00000, 0x00000000eb880000, 0x0000000100000000)
  eden space 2560K, 100% used [0x00000000eab00000,0x00000000ead80000,0x00000000ead80000)
  from space 1024K, 99% used [0x00000000eb180000,0x00000000eb27fa50,0x00000000eb280000)
  to   space 4096K, 0% used [0x00000000ead80000,0x00000000ead80000,0x00000000eb180000)
 ParOldGen       total 694784K, used 694380K [0x00000000c0000000, 0x00000000ea680000, 0x00000000eab00000)
  object space 694784K, 99% used [0x00000000c0000000,0x00000000ea61b138,0x00000000ea680000)
 Metaspace       used 106418K, committed 108288K, reserved 1179648K
  class space    used 11056K, committed 11968K, reserved 1048576K
}
Event: 6735.870 GC heap after
{Heap after GC invocations=4397 (full 7):
 PSYoungGen      total 4096K, used 1312K [0x00000000eab00000, 0x00000000eb200000, 0x0000000100000000)
  eden space 2560K, 0% used [0x00000000eab00000,0x00000000eab00000,0x00000000ead80000)
  from space 1536K, 85% used [0x00000000ead80000,0x00000000eaec8000,0x00000000eaf00000)
  to   space 2048K, 0% used [0x00000000eb000000,0x00000000eb000000,0x00000000eb200000)
 ParOldGen       total 695808K, used 695422K [0x00000000c0000000, 0x00000000ea780000, 0x00000000eab00000)
  object space 695808K, 99% used [0x00000000c0000000,0x00000000ea71fb98,0x00000000ea780000)
 Metaspace       used 106418K, committed 108288K, reserved 1179648K
  class space    used 11056K, committed 11968K, reserved 1048576K
}
Event: 6735.890 GC heap before
{Heap before GC invocations=4398 (full 7):
 PSYoungGen      total 4096K, used 3872K [0x00000000eab00000, 0x00000000eb200000, 0x0000000100000000)
  eden space 2560K, 100% used [0x00000000eab00000,0x00000000ead80000,0x00000000ead80000)
  from space 1536K, 85% used [0x00000000ead80000,0x00000000eaec8000,0x00000000eaf00000)
  to   space 2048K, 0% used [0x00000000eb000000,0x00000000eb000000,0x00000000eb200000)
 ParOldGen       total 695808K, used 695422K [0x00000000c0000000, 0x00000000ea780000, 0x00000000eab00000)
  object space 695808K, 99% used [0x00000000c0000000,0x00000000ea71fb98,0x00000000ea780000)
 Metaspace       used 106418K, committed 108288K, reserved 1179648K
  class space    used 11056K, committed 11968K, reserved 1048576K
}
Event: 6735.900 GC heap after
{Heap after GC invocations=4398 (full 7):
 PSYoungGen      total 3072K, used 2046K [0x00000000eab00000, 0x00000000eb600000, 0x0000000100000000)
  eden space 1024K, 0% used [0x00000000eab00000,0x00000000eab00000,0x00000000eac00000)
  from space 2048K, 99% used [0x00000000eb000000,0x00000000eb1ffa50,0x00000000eb200000)
  to   space 4096K, 0% used [0x00000000eac00000,0x00000000eac00000,0x00000000eb000000)
 ParOldGen       total 696832K, used 696646K [0x00000000c0000000, 0x00000000ea880000, 0x00000000eab00000)
  object space 696832K, 99% used [0x00000000c0000000,0x00000000ea851b98,0x00000000ea880000)
 Metaspace       used 106418K, committed 108288K, reserved 1179648K
  class space    used 11056K, committed 11968K, reserved 1048576K
}
Event: 6735.907 GC heap before
{Heap before GC invocations=4399 (full 7):
 PSYoungGen      total 3072K, used 3070K [0x00000000eab00000, 0x00000000eb600000, 0x0000000100000000)
  eden space 1024K, 100% used [0x00000000eab00000,0x00000000eac00000,0x00000000eac00000)
  from space 2048K, 99% used [0x00000000eb000000,0x00000000eb1ffa50,0x00000000eb200000)
  to   space 4096K, 0% used [0x00000000eac00000,0x00000000eac00000,0x00000000eb000000)
 ParOldGen       total 696832K, used 696646K [0x00000000c0000000, 0x00000000ea880000, 0x00000000eab00000)
  object space 696832K, 99% used [0x00000000c0000000,0x00000000ea851b98,0x00000000ea880000)
 Metaspace       used 106418K, committed 108288K, reserved 1179648K
  class space    used 11056K, committed 11968K, reserved 1048576K
}
Event: 6735.920 GC heap after
{Heap after GC invocations=4399 (full 7):
 PSYoungGen      total 2048K, used 1024K [0x00000000eab00000, 0x00000000eb080000, 0x0000000100000000)
  eden space 1024K, 0% used [0x00000000eab00000,0x00000000eab00000,0x00000000eac00000)
  from space 1024K, 100% used [0x00000000eac00000,0x00000000ead00000,0x00000000ead00000)
  to   space 2048K, 0% used [0x00000000eae80000,0x00000000eae80000,0x00000000eb080000)
 ParOldGen       total 698880K, used 698669K [0x00000000c0000000, 0x00000000eaa80000, 0x00000000eab00000)
  object space 698880K, 99% used [0x00000000c0000000,0x00000000eaa4b5e8,0x00000000eaa80000)
 Metaspace       used 106418K, committed 108288K, reserved 1179648K
  class space    used 11056K, committed 11968K, reserved 1048576K
}
Event: 6741.542 GC heap before
{Heap before GC invocations=4400 (full 8):
 PSYoungGen      total 2048K, used 2047K [0x00000000eab00000, 0x00000000eb080000, 0x0000000100000000)
  eden space 1024K, 99% used [0x00000000eab00000,0x00000000eabffff8,0x00000000eac00000)
  from space 1024K, 100% used [0x00000000eac00000,0x00000000ead00000,0x00000000ead00000)
  to   space 2048K, 0% used [0x00000000eae80000,0x00000000eae80000,0x00000000eb080000)
 ParOldGen       total 698880K, used 698669K [0x00000000c0000000, 0x00000000eaa80000, 0x00000000eab00000)
  object space 698880K, 99% used [0x00000000c0000000,0x00000000eaa4b5e8,0x00000000eaa80000)
 Metaspace       used 106418K, committed 108288K, reserved 1179648K
  class space    used 11056K, committed 11968K, reserved 1048576K
}

